Build started 22/12/2014 04:41:23.
     1>Project "C:\Users\Ziv\Desktop\Chili DirectX Framework\Chili DirectX Framework\Chili DirectX Framework\Chili DirectX Framework.vcxproj" on node 2 (build target(s)).
     1>InitializeBuildStatus:
         Creating "Release\Chili DirectX Framework.unsuccessfulbuild" because "AlwaysCreate" was specified.
       ClCompile:
         C:\Program Files (x86)\Microsoft Visual Studio 10.0\VC\bin\CL.exe /c /Zi /nologo /W3 /WX- /O2 /Oi /Oy- /GL /D WIN32 /D NDEBUG /D _WINDOWS /D _UNICODE /D UNICODE /Gm- /EHsc /MD /GS /Gy /fp:precise /Zc:wchar_t /Zc:forScope /Fo"Release\\" /Fd"Release\vc100.pdb" /Gd /TP /analyze- /errorReport:prompt ..\Assets\D3DGraphics.cpp
         D3DGraphics.cpp
     1>..\Assets\D3DGraphics.cpp(92): warning C4244: 'initializing' : conversion from 'double' to 'float', possible loss of data
     1>..\Assets\D3DGraphics.cpp(96): warning C4244: 'initializing' : conversion from 'float' to 'int', possible loss of data
     1>..\Assets\D3DGraphics.cpp(106): warning C4244: 'initializing' : conversion from 'double' to 'float', possible loss of data
     1>..\Assets\D3DGraphics.cpp(117): warning C4244: 'initializing' : conversion from 'float' to 'int', possible loss of data
       Link:
         C:\Program Files (x86)\Microsoft Visual Studio 10.0\VC\bin\link.exe /ERRORREPORT:PROMPT /OUT:"C:\Users\Ziv\Desktop\Chili DirectX Framework\Chili DirectX Framework\Release\Chili DirectX Framework.exe" /INCREMENTAL:NO /NOLOGO dxerr.lib dxguid.lib d3dx9.lib d3dx10.lib d3d9.lib winmm.lib comctl32.lib kernel32.lib user32.lib gdi32.lib winspool.lib comdlg32.lib advapi32.lib shell32.lib ole32.lib oleaut32.lib uuid.lib odbc32.lib odbccp32.lib /MANIFEST /ManifestFile:"Release\Chili DirectX Framework.exe.intermediate.manifest" /MANIFESTUAC:"level='asInvoker' uiAccess='false'" /DEBUG /PDB:"C:\Users\Ziv\Desktop\Chili DirectX Framework\Chili DirectX Framework\Release\Chili DirectX Framework.pdb" /SUBSYSTEM:WINDOWS /OPT:REF /OPT:ICF /LTCG /TLBID:1 /DYNAMICBASE /NXCOMPAT /IMPLIB:"C:\Users\Ziv\Desktop\Chili DirectX Framework\Chili DirectX Framework\Release\Chili DirectX Framework.lib" /MACHINE:X86 Release\D3DGraphics.obj
         Release\Game.obj
         Release\Keyboard.obj
         Release\Timer.obj
         Release\Windows.obj
         ..\Assets\ChiliDirectXFramework.res
         Generating code
         Finished generating code
         Chili DirectX Framework.vcxproj -> C:\Users\Ziv\Desktop\Chili DirectX Framework\Chili DirectX Framework\Release\Chili DirectX Framework.exe
       Manifest:
         C:\Program Files (x86)\Microsoft SDKs\Windows\v7.0A\bin\mt.exe /nologo /verbose /outputresource:"C:\Users\Ziv\Desktop\Chili DirectX Framework\Chili DirectX Framework\Release\Chili DirectX Framework.exe;#1" /manifest "Release\Chili DirectX Framework.exe.intermediate.manifest"
       FinalizeBuildStatus:
         Deleting file "Release\Chili DirectX Framework.unsuccessfulbuild".
         Touching "Release\Chili DirectX Framework.lastbuildstate".
     1>Done Building Project "C:\Users\Ziv\Desktop\Chili DirectX Framework\Chili DirectX Framework\Chili DirectX Framework\Chili DirectX Framework.vcxproj" (build target(s)).

Build succeeded.

Time Elapsed 00:00:01.80
