Build started 15/12/2014 23:31:49.
     1>Project "C:\Users\Ziv\Desktop\תכנות C++\Chili DirectX Framework\Chili DirectX Framework\Chili DirectX Framework\Chili DirectX Framework.vcxproj" on node 2 (build target(s)).
     1>InitializeBuildStatus:
         Touching "Debug\Chili DirectX Framework.unsuccessfulbuild".
       ClCompile:
         C:\Program Files (x86)\Microsoft Visual Studio 10.0\VC\bin\CL.exe /c /ZI /nologo /W3 /WX- /Od /Oy- /D WIN32 /D _DEBUG /D _WINDOWS /D _UNICODE /D UNICODE /Gm /EHsc /RTC1 /MDd /GS /fp:precise /Zc:wchar_t /Zc:forScope /Fo"Debug\\" /Fd"Debug\vc100.pdb" /Gd /TP /analyze- /errorReport:prompt ..\Assets\Game.cpp
         Game.cpp
     1>c:\users\ziv\desktop\תכנות c++\chili directx framework\chili directx framework\assets\game.cpp(44): error C2065: 'gfx' : undeclared identifier
     1>c:\users\ziv\desktop\תכנות c++\chili directx framework\chili directx framework\assets\game.cpp(44): error C2228: left of '.PutPixel' must have class/struct/union
                 type is ''unknown-type''
     1>c:\users\ziv\desktop\תכנות c++\chili directx framework\chili directx framework\assets\game.cpp(45): error C2065: 'gfx' : undeclared identifier
     1>c:\users\ziv\desktop\תכנות c++\chili directx framework\chili directx framework\assets\game.cpp(45): error C2228: left of '.PutPixel' must have class/struct/union
                 type is ''unknown-type''
     1>c:\users\ziv\desktop\תכנות c++\chili directx framework\chili directx framework\assets\game.cpp(46): error C2065: 'gfx' : undeclared identifier
     1>c:\users\ziv\desktop\תכנות c++\chili directx framework\chili directx framework\assets\game.cpp(46): error C2228: left of '.PutPixel' must have class/struct/union
                 type is ''unknown-type''
     1>c:\users\ziv\desktop\תכנות c++\chili directx framework\chili directx framework\assets\game.cpp(47): error C2065: 'gfx' : undeclared identifier
     1>c:\users\ziv\desktop\תכנות c++\chili directx framework\chili directx framework\assets\game.cpp(47): error C2228: left of '.PutPixel' must have class/struct/union
                 type is ''unknown-type''
     1>c:\users\ziv\desktop\תכנות c++\chili directx framework\chili directx framework\assets\game.cpp(48): error C2065: 'gfx' : undeclared identifier
     1>c:\users\ziv\desktop\תכנות c++\chili directx framework\chili directx framework\assets\game.cpp(48): error C2228: left of '.PutPixel' must have class/struct/union
                 type is ''unknown-type''
     1>c:\users\ziv\desktop\תכנות c++\chili directx framework\chili directx framework\assets\game.cpp(49): error C2065: 'gfx' : undeclared identifier
     1>c:\users\ziv\desktop\תכנות c++\chili directx framework\chili directx framework\assets\game.cpp(49): error C2228: left of '.PutPixel' must have class/struct/union
                 type is ''unknown-type''
     1>c:\users\ziv\desktop\תכנות c++\chili directx framework\chili directx framework\assets\game.cpp(50): error C2065: 'gfx' : undeclared identifier
     1>c:\users\ziv\desktop\תכנות c++\chili directx framework\chili directx framework\assets\game.cpp(50): error C2228: left of '.PutPixel' must have class/struct/union
                 type is ''unknown-type''
     1>c:\users\ziv\desktop\תכנות c++\chili directx framework\chili directx framework\assets\game.cpp(51): error C2065: 'gfx' : undeclared identifier
     1>c:\users\ziv\desktop\תכנות c++\chili directx framework\chili directx framework\assets\game.cpp(51): error C2228: left of '.PutPixel' must have class/struct/union
                 type is ''unknown-type''
     1>c:\users\ziv\desktop\תכנות c++\chili directx framework\chili directx framework\assets\game.cpp(52): error C2065: 'gfx' : undeclared identifier
     1>c:\users\ziv\desktop\תכנות c++\chili directx framework\chili directx framework\assets\game.cpp(52): error C2228: left of '.PutPixel' must have class/struct/union
                 type is ''unknown-type''
     1>c:\users\ziv\desktop\תכנות c++\chili directx framework\chili directx framework\assets\game.cpp(53): error C2065: 'gfx' : undeclared identifier
     1>c:\users\ziv\desktop\תכנות c++\chili directx framework\chili directx framework\assets\game.cpp(53): error C2228: left of '.PutPixel' must have class/struct/union
                 type is ''unknown-type''
     1>c:\users\ziv\desktop\תכנות c++\chili directx framework\chili directx framework\assets\game.cpp(54): error C2065: 'gfx' : undeclared identifier
     1>c:\users\ziv\desktop\תכנות c++\chili directx framework\chili directx framework\assets\game.cpp(54): error C2228: left of '.PutPixel' must have class/struct/union
                 type is ''unknown-type''
     1>c:\users\ziv\desktop\תכנות c++\chili directx framework\chili directx framework\assets\game.cpp(55): error C2065: 'gfx' : undeclared identifier
     1>c:\users\ziv\desktop\תכנות c++\chili directx framework\chili directx framework\assets\game.cpp(55): error C2228: left of '.PutPixel' must have class/struct/union
                 type is ''unknown-type''
     1>c:\users\ziv\desktop\תכנות c++\chili directx framework\chili directx framework\assets\game.cpp(56): error C2065: 'gfx' : undeclared identifier
     1>c:\users\ziv\desktop\תכנות c++\chili directx framework\chili directx framework\assets\game.cpp(56): error C2228: left of '.PutPixel' must have class/struct/union
                 type is ''unknown-type''
     1>c:\users\ziv\desktop\תכנות c++\chili directx framework\chili directx framework\assets\game.cpp(101): error C2065: 'r' : undeclared identifier
     1>c:\users\ziv\desktop\תכנות c++\chili directx framework\chili directx framework\assets\game.cpp(102): error C2065: 'r' : undeclared identifier
     1>Done Building Project "C:\Users\Ziv\Desktop\תכנות C++\Chili DirectX Framework\Chili DirectX Framework\Chili DirectX Framework\Chili DirectX Framework.vcxproj" (build target(s)) -- FAILED.

Build FAILED.

Time Elapsed 00:00:01.00
